<?xml version="1.0" encoding="UTF-8"?>
<!-- Generated by org.testng.reporters.JUnitReportReporter -->
<testsuite hostname="Palmreader" failures="0" tests="1" name="prolPlusLogin.ProlPlusLoginTest" time="25.147" errors="0" timestamp="2023-04-27T17:42:43 IST" skipped="0">
  <testcase classname="prolPlusLogin.ProlPlusLoginTest" name="f" time="25.147"/>
  <system-out/>
</testsuite> <!-- prolPlusLogin.ProlPlusLoginTest -->
