<?xml version="1.0" encoding="UTF-8"?>
<!-- Generated by org.testng.reporters.JUnitReportReporter -->
<testsuite skipped="0" hostname="DESKTOP-TQ6TBU2" name="com.numeris.NewTest" tests="1" failures="0" timestamp="2023-09-06T22:30:37 IST" time="15.211" errors="0">
  <testcase name="f" time="15.211" classname="com.numeris.NewTest"/>
  <system-out/>
</testsuite> <!-- com.numeris.NewTest -->
